Removed Pin From Net: NetName=5R Pin=IC2-2
Removed Pin From Net: NetName=5G Pin=IC2-3
Removed Pin From Net: NetName=5B Pin=IC2-4
Removed Pin From Net: NetName=6R Pin=IC2-5
Removed Pin From Net: NetName=6G Pin=IC2-6
Removed Pin From Net: NetName=6B Pin=IC2-7
Removed Pin From Net: NetName=7R Pin=IC2-9
Removed Pin From Net: NetName=7G Pin=IC2-10
Removed Pin From Net: NetName=7B Pin=IC2-11
Removed Pin From Net: NetName=8R Pin=IC2-12
Removed Pin From Net: NetName=8G Pin=IC2-13
Removed Pin From Net: NetName=8B Pin=IC2-14
Added Pin To Net: NetName=8B Pin=IC2-2
Added Pin To Net: NetName=8G Pin=IC2-3
Added Pin To Net: NetName=8R Pin=IC2-4
Added Pin To Net: NetName=7B Pin=IC2-5
Added Pin To Net: NetName=7G Pin=IC2-6
Added Pin To Net: NetName=7R Pin=IC2-7
Added Pin To Net: NetName=6B Pin=IC2-9
Added Pin To Net: NetName=6G Pin=IC2-10
Added Pin To Net: NetName=6R Pin=IC2-11
Added Pin To Net: NetName=5B Pin=IC2-12
Added Pin To Net: NetName=5G Pin=IC2-13
Added Pin To Net: NetName=5R Pin=IC2-14
