Removed Pin From Net: NetName=9R Pin=IC3-2
Removed Pin From Net: NetName=9G Pin=IC3-3
Removed Pin From Net: NetName=9B Pin=IC3-4
Removed Pin From Net: NetName=10R Pin=IC3-5
Removed Pin From Net: NetName=10G Pin=IC3-6
Removed Pin From Net: NetName=10B Pin=IC3-7
Removed Pin From Net: NetName=11R Pin=IC3-9
Removed Pin From Net: NetName=11G Pin=IC3-10
Removed Pin From Net: NetName=11B Pin=IC3-11
Removed Pin From Net: NetName=12R Pin=IC3-12
Removed Pin From Net: NetName=12G Pin=IC3-13
Removed Pin From Net: NetName=12B Pin=IC3-14
Removed Pin From Net: NetName=13R Pin=IC4-2
Removed Pin From Net: NetName=13G Pin=IC4-3
Removed Pin From Net: NetName=13B Pin=IC4-4
Removed Pin From Net: NetName=14R Pin=IC4-5
Removed Pin From Net: NetName=14G Pin=IC4-6
Removed Pin From Net: NetName=14B Pin=IC4-7
Removed Pin From Net: NetName=15R Pin=IC4-9
Removed Pin From Net: NetName=15G Pin=IC4-10
Removed Pin From Net: NetName=15B Pin=IC4-11
Removed Pin From Net: NetName=16R Pin=IC4-12
Removed Pin From Net: NetName=16G Pin=IC4-13
Removed Pin From Net: NetName=16B Pin=IC4-14
Added Pin To Net: NetName=12B Pin=IC3-2
Added Pin To Net: NetName=12G Pin=IC3-3
Added Pin To Net: NetName=12R Pin=IC3-4
Added Pin To Net: NetName=11B Pin=IC3-5
Added Pin To Net: NetName=11G Pin=IC3-6
Added Pin To Net: NetName=11R Pin=IC3-7
Added Pin To Net: NetName=10B Pin=IC3-9
Added Pin To Net: NetName=10G Pin=IC3-10
Added Pin To Net: NetName=10R Pin=IC3-11
Added Pin To Net: NetName=9B Pin=IC3-12
Added Pin To Net: NetName=9G Pin=IC3-13
Added Pin To Net: NetName=9R Pin=IC3-14
Added Pin To Net: NetName=16B Pin=IC4-2
Added Pin To Net: NetName=16G Pin=IC4-3
Added Pin To Net: NetName=16R Pin=IC4-4
Added Pin To Net: NetName=15B Pin=IC4-5
Added Pin To Net: NetName=15G Pin=IC4-6
Added Pin To Net: NetName=15R Pin=IC4-7
Added Pin To Net: NetName=14B Pin=IC4-9
Added Pin To Net: NetName=14G Pin=IC4-10
Added Pin To Net: NetName=14R Pin=IC4-11
Added Pin To Net: NetName=13B Pin=IC4-12
Added Pin To Net: NetName=13G Pin=IC4-13
Added Pin To Net: NetName=13R Pin=IC4-14
