Removed Pin From Net: NetName=2B Pin=IC1-A1
Removed Pin From Net: NetName=2G Pin=IC1-A2
Removed Pin From Net: NetName=GND Pin=IC1-A3
Removed Pin From Net: NetName=3B Pin=IC1-A4
Removed Pin From Net: NetName=1G Pin=IC1-B1
Removed Pin From Net: NetName=2R Pin=IC1-B2
Removed Pin From Net: NetName=3R Pin=IC1-B3
Removed Pin From Net: NetName=4R Pin=IC1-B4
Removed Pin From Net: NetName=1R Pin=IC1-C1
Removed Pin From Net: NetName=1B Pin=IC1-C2
Removed Pin From Net: NetName=3G Pin=IC1-C3
Removed Pin From Net: NetName=4G Pin=IC1-C4
Removed Pin From Net: NetName=GND Pin=IC1-D2
Removed Pin From Net: NetName=4B Pin=IC1-D3
Removed Pin From Net: NetName=+5 Pin=IC1-D4
Removed Pin From Net: NetName=SCL Pin=IC1-E1
Removed Pin From Net: NetName=SDA Pin=IC1-E2
Removed Pin From Net: NetName=GND Pin=IC1-E3
Removed Pin From Net: NetName=NetC1_1 Pin=IC1-E4
Removed Pin From Net: NetName=6B Pin=IC2-A1
Removed Pin From Net: NetName=6G Pin=IC2-A2
Removed Pin From Net: NetName=GND Pin=IC2-A3
Removed Pin From Net: NetName=7B Pin=IC2-A4
Removed Pin From Net: NetName=5G Pin=IC2-B1
Removed Pin From Net: NetName=6R Pin=IC2-B2
Removed Pin From Net: NetName=7R Pin=IC2-B3
Removed Pin From Net: NetName=8R Pin=IC2-B4
Removed Pin From Net: NetName=5R Pin=IC2-C1
Removed Pin From Net: NetName=5B Pin=IC2-C2
Removed Pin From Net: NetName=7G Pin=IC2-C3
Removed Pin From Net: NetName=8G Pin=IC2-C4
Removed Pin From Net: NetName=GND Pin=IC2-D2
Removed Pin From Net: NetName=8B Pin=IC2-D3
Removed Pin From Net: NetName=+5 Pin=IC2-D4
Removed Pin From Net: NetName=SCL Pin=IC2-E1
Removed Pin From Net: NetName=SDA Pin=IC2-E2
Removed Pin From Net: NetName=3V3 Pin=IC2-E3
Removed Pin From Net: NetName=NetC2_1 Pin=IC2-E4
Removed Pin From Net: NetName=10B Pin=IC3-A1
Removed Pin From Net: NetName=10G Pin=IC3-A2
Removed Pin From Net: NetName=GND Pin=IC3-A3
Removed Pin From Net: NetName=11B Pin=IC3-A4
Removed Pin From Net: NetName=9G Pin=IC3-B1
Removed Pin From Net: NetName=10R Pin=IC3-B2
Removed Pin From Net: NetName=11R Pin=IC3-B3
Removed Pin From Net: NetName=12R Pin=IC3-B4
Removed Pin From Net: NetName=9R Pin=IC3-C1
Removed Pin From Net: NetName=9B Pin=IC3-C2
Removed Pin From Net: NetName=11G Pin=IC3-C3
Removed Pin From Net: NetName=12G Pin=IC3-C4
Removed Pin From Net: NetName=3V3 Pin=IC3-D2
Removed Pin From Net: NetName=12B Pin=IC3-D3
Removed Pin From Net: NetName=+5 Pin=IC3-D4
Removed Pin From Net: NetName=SCL Pin=IC3-E1
Removed Pin From Net: NetName=SDA Pin=IC3-E2
Removed Pin From Net: NetName=GND Pin=IC3-E3
Removed Pin From Net: NetName=NetC3_1 Pin=IC3-E4
Removed Pin From Net: NetName=14B Pin=IC4-A1
Removed Pin From Net: NetName=14G Pin=IC4-A2
Removed Pin From Net: NetName=GND Pin=IC4-A3
Removed Pin From Net: NetName=15B Pin=IC4-A4
Removed Pin From Net: NetName=13G Pin=IC4-B1
Removed Pin From Net: NetName=14R Pin=IC4-B2
Removed Pin From Net: NetName=15R Pin=IC4-B3
Removed Pin From Net: NetName=16R Pin=IC4-B4
Removed Pin From Net: NetName=13R Pin=IC4-C1
Removed Pin From Net: NetName=13B Pin=IC4-C2
Removed Pin From Net: NetName=15G Pin=IC4-C3
Removed Pin From Net: NetName=16G Pin=IC4-C4
Removed Pin From Net: NetName=3V3 Pin=IC4-D2
Removed Pin From Net: NetName=16B Pin=IC4-D3
Removed Pin From Net: NetName=+5 Pin=IC4-D4
Removed Pin From Net: NetName=SCL Pin=IC4-E1
Removed Pin From Net: NetName=SDA Pin=IC4-E2
Removed Pin From Net: NetName=3V3 Pin=IC4-E3
Removed Pin From Net: NetName=NetC4_1 Pin=IC4-E4
Removed Pin From Net: NetName=18B Pin=IC5-A1
Removed Pin From Net: NetName=18G Pin=IC5-A2
Removed Pin From Net: NetName=GND Pin=IC5-A3
Removed Pin From Net: NetName=19B Pin=IC5-A4
Removed Pin From Net: NetName=17G Pin=IC5-B1
Removed Pin From Net: NetName=18R Pin=IC5-B2
Removed Pin From Net: NetName=19R Pin=IC5-B3
Removed Pin From Net: NetName=20R Pin=IC5-B4
Removed Pin From Net: NetName=17R Pin=IC5-C1
Removed Pin From Net: NetName=17B Pin=IC5-C2
Removed Pin From Net: NetName=19G Pin=IC5-C3
Removed Pin From Net: NetName=20G Pin=IC5-C4
Removed Pin From Net: NetName=GND Pin=IC5-D2
Removed Pin From Net: NetName=20B Pin=IC5-D3
Removed Pin From Net: NetName=+5 Pin=IC5-D4
Removed Pin From Net: NetName=SCL Pin=IC5-E1
Removed Pin From Net: NetName=SDA Pin=IC5-E2
Removed Pin From Net: NetName=SDA Pin=IC5-E3
Removed Pin From Net: NetName=NetC13_1 Pin=IC5-E4
Removed Pin From Net: NetName=GND Pin=IC6-A3
Removed Pin From Net: NetName=21G Pin=IC6-B1
Removed Pin From Net: NetName=21R Pin=IC6-C1
Removed Pin From Net: NetName=21B Pin=IC6-C2
Removed Pin From Net: NetName=GND Pin=IC6-D2
Removed Pin From Net: NetName=+5 Pin=IC6-D4
Removed Pin From Net: NetName=SCL Pin=IC6-E1
Removed Pin From Net: NetName=SDA Pin=IC6-E2
Removed Pin From Net: NetName=SCL Pin=IC6-E3
Removed Pin From Net: NetName=NetC14_1 Pin=IC6-E4
Change Component Footprint: Designator=IC1 Old Footprint=BGA20C40P4X5_171X216X65 New Footprint=QFN20 3x3 (0,5mm pitch)
Change Component Footprint: Designator=IC2 Old Footprint=BGA20C40P4X5_171X216X65 New Footprint=QFN20 3x3 (0,5mm pitch)
Change Component Footprint: Designator=IC3 Old Footprint=BGA20C40P4X5_171X216X65 New Footprint=QFN20 3x3 (0,5mm pitch)
Change Component Footprint: Designator=IC4 Old Footprint=BGA20C40P4X5_171X216X65 New Footprint=QFN20 3x3 (0,5mm pitch)
Change Component Footprint: Designator=IC5 Old Footprint=BGA20C40P4X5_171X216X65 New Footprint=QFN20 3x3 (0,5mm pitch)
Change Component Footprint: Designator=IC6 Old Footprint=BGA20C40P4X5_171X216X65 New Footprint=QFN20 3x3 (0,5mm pitch)
Added Pin To Net: NetName=1R Pin=IC1-2
Added Pin To Net: NetName=1B Pin=IC1-3
Added Pin To Net: NetName=1G Pin=IC1-4
Added Pin To Net: NetName=2R Pin=IC1-5
Added Pin To Net: NetName=2B Pin=IC1-6
Added Pin To Net: NetName=2G Pin=IC1-7
Added Pin To Net: NetName=GND Pin=IC1-8
Added Pin To Net: NetName=3R Pin=IC1-9
Added Pin To Net: NetName=3B Pin=IC1-10
Added Pin To Net: NetName=3G Pin=IC1-11
Added Pin To Net: NetName=4R Pin=IC1-12
Added Pin To Net: NetName=4B Pin=IC1-13
Added Pin To Net: NetName=4G Pin=IC1-14
Added Pin To Net: NetName=+5 Pin=IC1-15
Added Pin To Net: NetName=NetC1_1 Pin=IC1-16
Added Pin To Net: NetName=GND Pin=IC1-17
Added Pin To Net: NetName=GND Pin=IC1-18
Added Pin To Net: NetName=SDA Pin=IC1-19
Added Pin To Net: NetName=SCL Pin=IC1-20
Added Pin To Net: NetName=5R Pin=IC2-2
Added Pin To Net: NetName=5B Pin=IC2-3
Added Pin To Net: NetName=5G Pin=IC2-4
Added Pin To Net: NetName=6R Pin=IC2-5
Added Pin To Net: NetName=6B Pin=IC2-6
Added Pin To Net: NetName=6G Pin=IC2-7
Added Pin To Net: NetName=GND Pin=IC2-8
Added Pin To Net: NetName=7R Pin=IC2-9
Added Pin To Net: NetName=7B Pin=IC2-10
Added Pin To Net: NetName=7G Pin=IC2-11
Added Pin To Net: NetName=8R Pin=IC2-12
Added Pin To Net: NetName=8B Pin=IC2-13
Added Pin To Net: NetName=8G Pin=IC2-14
Added Pin To Net: NetName=+5 Pin=IC2-15
Added Pin To Net: NetName=NetC2_1 Pin=IC2-16
Added Pin To Net: NetName=3V3 Pin=IC2-17
Added Pin To Net: NetName=GND Pin=IC2-18
Added Pin To Net: NetName=SDA Pin=IC2-19
Added Pin To Net: NetName=SCL Pin=IC2-20
Added Pin To Net: NetName=9R Pin=IC3-2
Added Pin To Net: NetName=9B Pin=IC3-3
Added Pin To Net: NetName=9G Pin=IC3-4
Added Pin To Net: NetName=10R Pin=IC3-5
Added Pin To Net: NetName=10B Pin=IC3-6
Added Pin To Net: NetName=10G Pin=IC3-7
Added Pin To Net: NetName=GND Pin=IC3-8
Added Pin To Net: NetName=11R Pin=IC3-9
Added Pin To Net: NetName=11B Pin=IC3-10
Added Pin To Net: NetName=11G Pin=IC3-11
Added Pin To Net: NetName=12R Pin=IC3-12
Added Pin To Net: NetName=12B Pin=IC3-13
Added Pin To Net: NetName=12G Pin=IC3-14
Added Pin To Net: NetName=+5 Pin=IC3-15
Added Pin To Net: NetName=NetC3_1 Pin=IC3-16
Added Pin To Net: NetName=GND Pin=IC3-17
Added Pin To Net: NetName=3V3 Pin=IC3-18
Added Pin To Net: NetName=SDA Pin=IC3-19
Added Pin To Net: NetName=SCL Pin=IC3-20
Added Pin To Net: NetName=13R Pin=IC4-2
Added Pin To Net: NetName=13B Pin=IC4-3
Added Pin To Net: NetName=13G Pin=IC4-4
Added Pin To Net: NetName=14R Pin=IC4-5
Added Pin To Net: NetName=14B Pin=IC4-6
Added Pin To Net: NetName=14G Pin=IC4-7
Added Pin To Net: NetName=GND Pin=IC4-8
Added Pin To Net: NetName=15R Pin=IC4-9
Added Pin To Net: NetName=15B Pin=IC4-10
Added Pin To Net: NetName=15G Pin=IC4-11
Added Pin To Net: NetName=16R Pin=IC4-12
Added Pin To Net: NetName=16B Pin=IC4-13
Added Pin To Net: NetName=16G Pin=IC4-14
Added Pin To Net: NetName=+5 Pin=IC4-15
Added Pin To Net: NetName=NetC4_1 Pin=IC4-16
Added Pin To Net: NetName=3V3 Pin=IC4-17
Added Pin To Net: NetName=3V3 Pin=IC4-18
Added Pin To Net: NetName=SDA Pin=IC4-19
Added Pin To Net: NetName=SCL Pin=IC4-20
Added Pin To Net: NetName=17R Pin=IC5-2
Added Pin To Net: NetName=17B Pin=IC5-3
Added Pin To Net: NetName=17G Pin=IC5-4
Added Pin To Net: NetName=18R Pin=IC5-5
Added Pin To Net: NetName=18B Pin=IC5-6
Added Pin To Net: NetName=18G Pin=IC5-7
Added Pin To Net: NetName=GND Pin=IC5-8
Added Pin To Net: NetName=19R Pin=IC5-9
Added Pin To Net: NetName=19B Pin=IC5-10
Added Pin To Net: NetName=19G Pin=IC5-11
Added Pin To Net: NetName=20R Pin=IC5-12
Added Pin To Net: NetName=20B Pin=IC5-13
Added Pin To Net: NetName=20G Pin=IC5-14
Added Pin To Net: NetName=+5 Pin=IC5-15
Added Pin To Net: NetName=NetC13_1 Pin=IC5-16
Added Pin To Net: NetName=SDA Pin=IC5-17
Added Pin To Net: NetName=GND Pin=IC5-18
Added Pin To Net: NetName=SDA Pin=IC5-19
Added Pin To Net: NetName=SCL Pin=IC5-20
Added Pin To Net: NetName=21R Pin=IC6-2
Added Pin To Net: NetName=21B Pin=IC6-3
Added Pin To Net: NetName=21G Pin=IC6-4
Added Pin To Net: NetName=GND Pin=IC6-8
Added Pin To Net: NetName=+5 Pin=IC6-15
Added Pin To Net: NetName=NetC14_1 Pin=IC6-16
Added Pin To Net: NetName=SCL Pin=IC6-17
Added Pin To Net: NetName=GND Pin=IC6-18
Added Pin To Net: NetName=SDA Pin=IC6-19
Added Pin To Net: NetName=SCL Pin=IC6-20
Added Pin To Net: NetName=NetIC1_1 Pin=IC1-1
Added Pin To Net: NetName=NetIC1_1 Pin=R1-1
Added Net: Name=NetIC1_1
Added Pin To Net: NetName=NetIC2_1 Pin=IC2-1
Added Pin To Net: NetName=NetIC2_1 Pin=R4-1
Added Net: Name=NetIC2_1
Added Pin To Net: NetName=NetIC3_1 Pin=IC3-1
Added Pin To Net: NetName=NetIC3_1 Pin=R7-1
Added Net: Name=NetIC3_1
Added Pin To Net: NetName=NetIC4_1 Pin=IC4-1
Added Pin To Net: NetName=NetIC4_1 Pin=R10-1
Added Net: Name=NetIC4_1
Added Pin To Net: NetName=NetIC5_1 Pin=IC5-1
Added Pin To Net: NetName=NetIC5_1 Pin=R13-1
Added Net: Name=NetIC5_1
Added Pin To Net: NetName=NetIC6_1 Pin=IC6-1
Added Pin To Net: NetName=NetIC6_1 Pin=R16-1
Added Net: Name=NetIC6_1
