Removed Pin From Net: NetName=1R Pin=IC1-2
Removed Pin From Net: NetName=1G Pin=IC1-3
Removed Pin From Net: NetName=1B Pin=IC1-4
Removed Pin From Net: NetName=2R Pin=IC1-5
Removed Pin From Net: NetName=2G Pin=IC1-6
Removed Pin From Net: NetName=2B Pin=IC1-7
Removed Pin From Net: NetName=3R Pin=IC1-9
Removed Pin From Net: NetName=3G Pin=IC1-10
Removed Pin From Net: NetName=3B Pin=IC1-11
Removed Pin From Net: NetName=4R Pin=IC1-12
Removed Pin From Net: NetName=4G Pin=IC1-13
Removed Pin From Net: NetName=4B Pin=IC1-14
Added Pin To Net: NetName=4B Pin=IC1-2
Added Pin To Net: NetName=4G Pin=IC1-3
Added Pin To Net: NetName=4R Pin=IC1-4
Added Pin To Net: NetName=3B Pin=IC1-5
Added Pin To Net: NetName=3G Pin=IC1-6
Added Pin To Net: NetName=3R Pin=IC1-7
Added Pin To Net: NetName=2B Pin=IC1-9
Added Pin To Net: NetName=2G Pin=IC1-10
Added Pin To Net: NetName=2R Pin=IC1-11
Added Pin To Net: NetName=1B Pin=IC1-12
Added Pin To Net: NetName=1G Pin=IC1-13
Added Pin To Net: NetName=1R Pin=IC1-14
