Removed Pin From Net: NetName=1B Pin=IC1-3
Removed Pin From Net: NetName=1G Pin=IC1-4
Removed Pin From Net: NetName=2B Pin=IC1-6
Removed Pin From Net: NetName=2G Pin=IC1-7
Removed Pin From Net: NetName=3B Pin=IC1-10
Removed Pin From Net: NetName=3G Pin=IC1-11
Removed Pin From Net: NetName=4B Pin=IC1-13
Removed Pin From Net: NetName=4G Pin=IC1-14
Removed Pin From Net: NetName=5B Pin=IC2-3
Removed Pin From Net: NetName=5G Pin=IC2-4
Removed Pin From Net: NetName=6B Pin=IC2-6
Removed Pin From Net: NetName=6G Pin=IC2-7
Removed Pin From Net: NetName=7B Pin=IC2-10
Removed Pin From Net: NetName=7G Pin=IC2-11
Removed Pin From Net: NetName=8B Pin=IC2-13
Removed Pin From Net: NetName=8G Pin=IC2-14
Removed Pin From Net: NetName=9B Pin=IC3-3
Removed Pin From Net: NetName=9G Pin=IC3-4
Removed Pin From Net: NetName=10B Pin=IC3-6
Removed Pin From Net: NetName=10G Pin=IC3-7
Removed Pin From Net: NetName=11B Pin=IC3-10
Removed Pin From Net: NetName=11G Pin=IC3-11
Removed Pin From Net: NetName=12B Pin=IC3-13
Removed Pin From Net: NetName=12G Pin=IC3-14
Removed Pin From Net: NetName=13B Pin=IC4-3
Removed Pin From Net: NetName=13G Pin=IC4-4
Removed Pin From Net: NetName=14B Pin=IC4-6
Removed Pin From Net: NetName=14G Pin=IC4-7
Removed Pin From Net: NetName=15B Pin=IC4-10
Removed Pin From Net: NetName=15G Pin=IC4-11
Removed Pin From Net: NetName=16B Pin=IC4-13
Removed Pin From Net: NetName=16G Pin=IC4-14
Removed Pin From Net: NetName=17B Pin=IC5-3
Removed Pin From Net: NetName=17G Pin=IC5-4
Removed Pin From Net: NetName=18B Pin=IC5-6
Removed Pin From Net: NetName=18G Pin=IC5-7
Removed Pin From Net: NetName=19B Pin=IC5-10
Removed Pin From Net: NetName=19G Pin=IC5-11
Removed Pin From Net: NetName=20B Pin=IC5-13
Removed Pin From Net: NetName=20G Pin=IC5-14
Removed Pin From Net: NetName=21B Pin=IC6-3
Removed Pin From Net: NetName=21G Pin=IC6-4
Added Pin To Net: NetName=1G Pin=IC1-3
Added Pin To Net: NetName=1B Pin=IC1-4
Added Pin To Net: NetName=2G Pin=IC1-6
Added Pin To Net: NetName=2B Pin=IC1-7
Added Pin To Net: NetName=3G Pin=IC1-10
Added Pin To Net: NetName=3B Pin=IC1-11
Added Pin To Net: NetName=4G Pin=IC1-13
Added Pin To Net: NetName=4B Pin=IC1-14
Added Pin To Net: NetName=5G Pin=IC2-3
Added Pin To Net: NetName=5B Pin=IC2-4
Added Pin To Net: NetName=6G Pin=IC2-6
Added Pin To Net: NetName=6B Pin=IC2-7
Added Pin To Net: NetName=7G Pin=IC2-10
Added Pin To Net: NetName=7B Pin=IC2-11
Added Pin To Net: NetName=8G Pin=IC2-13
Added Pin To Net: NetName=8B Pin=IC2-14
Added Pin To Net: NetName=9G Pin=IC3-3
Added Pin To Net: NetName=9B Pin=IC3-4
Added Pin To Net: NetName=10G Pin=IC3-6
Added Pin To Net: NetName=10B Pin=IC3-7
Added Pin To Net: NetName=11G Pin=IC3-10
Added Pin To Net: NetName=11B Pin=IC3-11
Added Pin To Net: NetName=12G Pin=IC3-13
Added Pin To Net: NetName=12B Pin=IC3-14
Added Pin To Net: NetName=13G Pin=IC4-3
Added Pin To Net: NetName=13B Pin=IC4-4
Added Pin To Net: NetName=14G Pin=IC4-6
Added Pin To Net: NetName=14B Pin=IC4-7
Added Pin To Net: NetName=15G Pin=IC4-10
Added Pin To Net: NetName=15B Pin=IC4-11
Added Pin To Net: NetName=16G Pin=IC4-13
Added Pin To Net: NetName=16B Pin=IC4-14
Added Pin To Net: NetName=17G Pin=IC5-3
Added Pin To Net: NetName=17B Pin=IC5-4
Added Pin To Net: NetName=18G Pin=IC5-6
Added Pin To Net: NetName=18B Pin=IC5-7
Added Pin To Net: NetName=19G Pin=IC5-10
Added Pin To Net: NetName=19B Pin=IC5-11
Added Pin To Net: NetName=20G Pin=IC5-13
Added Pin To Net: NetName=20B Pin=IC5-14
Added Pin To Net: NetName=21G Pin=IC6-3
Added Pin To Net: NetName=21B Pin=IC6-4
Added Room: Name=LEDs_Sheet_1
Added Room: Name=LEDs_Sheet_2
Added Room: Name=Raspberry Pi inputs
