Removed Pin From Net: NetName=17R Pin=IC5-2
Removed Pin From Net: NetName=17G Pin=IC5-3
Removed Pin From Net: NetName=17B Pin=IC5-4
Removed Pin From Net: NetName=18R Pin=IC5-5
Removed Pin From Net: NetName=18G Pin=IC5-6
Removed Pin From Net: NetName=18B Pin=IC5-7
Removed Pin From Net: NetName=21R Pin=IC6-2
Removed Pin From Net: NetName=21G Pin=IC6-3
Removed Pin From Net: NetName=21B Pin=IC6-4
Removed Pin From Net: NetName=20R Pin=IC6-5
Removed Pin From Net: NetName=20G Pin=IC6-6
Removed Pin From Net: NetName=20B Pin=IC6-7
Removed Pin From Net: NetName=19R Pin=IC6-9
Removed Pin From Net: NetName=19G Pin=IC6-10
Removed Pin From Net: NetName=19B Pin=IC6-11
Added Pin To Net: NetName=18B Pin=IC5-9
Added Pin To Net: NetName=18G Pin=IC5-10
Added Pin To Net: NetName=18R Pin=IC5-11
Added Pin To Net: NetName=17B Pin=IC5-12
Added Pin To Net: NetName=17G Pin=IC5-13
Added Pin To Net: NetName=17R Pin=IC5-14
Added Pin To Net: NetName=19B Pin=IC6-5
Added Pin To Net: NetName=19G Pin=IC6-6
Added Pin To Net: NetName=19R Pin=IC6-7
Added Pin To Net: NetName=20B Pin=IC6-9
Added Pin To Net: NetName=20G Pin=IC6-10
Added Pin To Net: NetName=20R Pin=IC6-11
Added Pin To Net: NetName=21B Pin=IC6-12
Added Pin To Net: NetName=21G Pin=IC6-13
Added Pin To Net: NetName=21R Pin=IC6-14
